Iteration #1
Initialization started...
Big dictionary with single deepness has been generated...
{'xmjrdntx7k7a': ['ik1130q6sbi', 'sgxxx', 'vhw0jz3pwholy8', '66k8wx0d6vli9'], '4vf0hpr5grj': ['2jmcf4jqr1zg70', '8jbe8a9hvht533', 'dmgpnkrojp25eh']}
Big array has been generated...
['45art2lz', 'ictyfrfq1cc', 'rhab4hom2ro627', 'yvchi9ts8vap67', 's0652ycvcoz', 'xg2f6ksz7', 'f3a9g', 'bhiz73piu', 'q19ps', 'lvxxx7xii1', 'dllf83hw8', 'w28g7dsjht', '2slg18ib', '1ydvb', 'jzdyin1jfjg46', 'a87mev2obcdxon', 'axptokk', 'pwq4snzew9h', '5ihiciqw0xf3g', 'gjbaf2dlj', 'cq1ehl1czyxkkz', '8b6rnoc', '9kzcy2vyk7', 'ugkq3mgfgf67y', '2kh7392', 'uurhmd3iy2', 'kpnfb9bf9o', 'k3ikh', 'cgmd6q3swj', 'x3q7hhwz9', 'k5px49pdb9q56', 'dam5uo', 'v6vrzagcqyw8og', '0iz6sdpzqx', 'qr4cg4ndeu7', 'olki3rwm', 'e7r64w1', '5wfvc', 'v6piz', 'x28zp5e2gw', 'uwj17kq9vqo3r', 'njlcze', 'xqpju0j', 'q17zg7jtrb1xl', 'h4ueb', 'wvsxbnebrl', 'eesr7z', 'u4bt619xr00k']
Big dictionary with big deepness has been generated...
{'k7rmktrg': 'img6shki', 'auhqx57m4wodm': {'5us1vgut': {'ru18jic': 'iqoi5', 'li27dqrnegsum': '8hn8lsa4f7f73', '98uakb6x': '9qvw6zl3fflr'}, '6s7s1zhmhpe0': 'agjywm961l8u5z', 'd7vqgoq': {'dernhtdjmtn': 'mjagnfa', 'c3jvnw6zd': ['14lwms0q', 'cpy82zs49yx4nm', '765o3nfsv85w0l', 'xccsn'], 'tnds2w7p': 'hjekl5492', '736y5': ['xga1ysp', 'abmiaz2ywph', 'w29fo']}, 'c10vjvs4kb5k': {'c06fnnte': {'smis8pj': {'w16k5604egy77': {'k18ak': '7k7ghtca9', 'qdhe056ge9kn': 'v8y7oy0qmlp', 'v5d1p2d9': '474fjvrm4ux3m', 'a9xexi47b4rr': '6ugaynf'}, '90ii3': ['dvtdyhjyp9', '5l0frkhyomlb', '356tgnpgclr1c', 'xql6j5'], 'fdg8ynkmmd2': ['tjj2a', 'f6ongh7', 'qg3048o', '0m2n7mzik1km9p']}, 'pclur0q': {'8dp3b': 'n91z39lnuc98', 'ai5k6u': 'latotlx8ul', '2ekieqzq': '350zppn3s0n'}, 'b4j5riv3ais': {'2nbby0': 's851m4', 'mjsyt6cmkq': 'snsl1qu7xc', 'bok3141': '4567wtpb4h', 'sn9q54dw78f': '6zfo9f2v'}, 'uylksn2': {'7f07l0mbxmz': 'kzct4zi3iv', 'rbzatj': 'f2nj00tjq', 'u0cli': 'lz6q6jgjz7z', 'gyakjxgqfqa': '4s4p5t0adl8'}}, 'c8rnd0zc': ['my0khq7', 'f4dswnbcz', 't91qwfazr'], 'g5d6nah4': ['kjlwcay26cx88t', 'buqonfugo', 'fv03jedfyi'], '1zha264cqxi': {'gadlzche0wau': ['qzal3v', '55qo6tgjcfqj79', 'l7hpdk4fxd', 'ky3k5ie'], 'c7447xn2m': {'n5ai84a1htz9fv': {'dd8uege8': '9a6ue5a', '95tu08q4r': '9fche', 'ausv5u3j': 'qnxxipxq8x'}, '858kkusq': {'alg5r182neo5bm': 'rkjghzj', '7qg6nat': 're7bm51vm', 'ffszo2b35j7': 'i88d52m740vnd', 'mll1tg2x5ntym': 'aqffj54wo'}, 'ozg0o3vdpxcn7l': ['kz6w1oece', 'n7cfzy6k', '81in9a9'], 'kuamwpwvg5f5': 'qg6n75wfv7fz'}, '4gtvhx0p73dyt': ['5wfz3', 'dtdty7x', 'a6drswn7we2jc2']}}}, 'pimggvghxeaom': {'tdkgf9tnf': ['7554lcch', '5sunf0f13g', 'uu0lmxx21r873u'], 'k6xyd': {'j2eti': {'u7foj8modexh': '5907hjtcvd', 'tbo7a': 'gopmz3j6vrirl', 'h07tp': 'fa7e4', '9tpp62j3bq': '3nacfc3z'}, 'vp79fr8qw616': 'y8630p8o5c4r', 'srmc7t4hj6w': {'mqqw9ey1k': 'faksg6cejf', 'k0ia39ild': 'rrieoy98t4yrn0', 'bnh3uutkju0': 'aj2cc'}, '0bt1yd9h1s88': '499x5o2'}, 'w9sfzb': ['ds9b8m3wny99', 'ft8bkkanps1w', '9g3631z5tb'], 'p2bkgvswm': {'ya90kz': 'inylrwi6', 'zr8tidvfayy4n': '1axmdnfrpvyi6', 'xmlsra1yn': 'gcs1k533qp7sv'}}, 'qvvb7nvws': {'qahsyvpqktyus': 'n7bbds30rubd', 'gia6f4f2b': {'xl0kvu6ejx0': 'z37rwasv', 'rlyoku2njwuod': '9kn3yahcba', 'ztvgs9zrg6f': '8btcqw0d'}, 'sjn6sf08f8c': {'viy2xnvc20r3g': {'c9647f0n727': {'ue84he8': {'dbgjs': 'otk6qs', 'pwf80v8iud': 'q1t6l8z1', '80a85pb': '0ft8xfti1ji'}, '47xtjusfry': ['3ksj2s', 'dkm9p', '67n0qqdiq2a'], '10ef6d4g': ['0iutm', 'wr34vr6w7', '66rlheb6', 'exbip']}, 'qz9w2zu': {'j3qg4zf9ufwea6': '5haq7ki6m7nss', '8x7uz8p': '0a5aa5ak4b93', 'bf0ocklppdsv21': 'dgdbu6l'}, 'aadqbqmbjbfm': {'nhyzgz': ['spr4t41b0xys', '939gm43hsk9kno', 'a9gzfbm', 'hrsb6ympq'], '8jdoto63ch': {'mi2ce3r': '1y15crko', '2hju2y1b8q1': 'kz8nv9', 'w29hu': '951o89r9b8', 'vmou4skfi1wbu4': 'r5anjopj5xvi'}, 'n9iv1evq': ['pqgljxdfiu', 'yl7w9p', 'maddo']}, 'dyf15': 'i1wa7xwoznbvbi'}, 'eu7opiy': ['o0v9tt', 'dt633wr74', 'y12wd'], 'srsvrq8b': 'odkhhva5z0fzk'}}}
Initialization completed...
Serialization (with Strings)
JSON:
Big dictionary: 4.18128605755
Big array: 7.27561608031
Big dictionary with deepness: 35.3438411489
YAML
Big dictionary: 471.603477589
Big array: 1644.63272266
Big dictionary with deepness: 9016.99932449
Pickle
Big dictionary: 34.318269628
Big array: 132.317629316
Big dictionary with deepness: 699.74440159
CPickle
Big dictionary: 5.51916472082
Big array: 20.8089521443
Big dictionary with deepness: 119.673453675
Deserialization (with Strings)
JSON
Big dictionary: 5.08018523929
Big array: 13.7149913969
Big dictionary with deepness: 90.117306056
YAML
Big dictionary: 759.866747263
Big array: 3078.65122579
Big dictionary with deepness: 15498.4239646
Pickle
Big dictionary: 33.1622245354
Big array: 134.630220615
Big dictionary with deepness: 640.432351404
CPickle
Big dictionary: 3.7833895833
Big array: 15.3349081403
Big dictionary with deepness: 67.4445195724
Iteration #2
Initialization started...
Big dictionary with single deepness has been generated...
{'kt8gkczwnd': ['hsdn5sqf']}
Big array has been generated...
['pd9naz9psdv44', '4ykojji76xa', '20u0yhn', 'tz9rumk', '2ptwp', 'whv8r', '3eqhelcj', 'ejhgyjb06o', 'tacm3ce', '02pt0j54q6jyr', 'oh55dpnm4', 'ri104jcr72b', 'enzvcdzfguhjk3']
Big dictionary with big deepness has been generated...
{'xo53w9cld': '4isir', 'xxm5jqt': {'ayczmzulmqbu': '6rhc0ha9lyhxlj', 'pfby5j0zdk0b3': 'drbwal', 'dk7l9': 'y3pffgrabq', 'rlr44rot': {'ii3f9kgx': 'e3dvskd', 'qg1ttrs40': 'zmen8ed6gf', '7hjwclu': '32cem', '8t35jyan3b7lw': 'ivg65p8'}}, 'kkzlx3k': {'jz1vewbwq2': {'03fsmz': {'sfroupyf5ryl': {'uv4kjjl2jtzyd': '1e54hms1qfvcgl', 'js1qsl5dhcj8s': {'ws70mqn': 'nm0djg4', 'xrxr82ixwas0a': '057c4', 'vk8trl': 'ai4eef2qs2fr', 'ouyy9q7riedb': 'oy4fqxo9'}, '4807enees': 'qifg7ci240'}, 'cufu0g8otnjm3': ['zx9g4rk5h', 'ry3z26w', 'sou3hy'], 'ryhqa8f8yz5pqv': {'2u0zsqwrl': ['shd7xhm012', 'wxchamfxx', '88g4cn9taon5', 'k8lzs26oto'], 'cycwaebs4': 'yg4djku', 'orzbumr22r0v': '2ocgamu8y'}}, 'ubnbt5u': ['w2dtxh0', '1pvvljql8ceih', 'rke5q0qc4tadn'], 'h4panupofdal2': '7jwfmysrolkfns', '6n071bpuzsh': {'px8itno1ick': {'nd5cfczqk3f': 'km6v4z6h6oil', '11eotuck6gqez': 'p0i6x2', 'in5g82zmlqw': 'wz1t2op'}, 'rde1yn44': ['z1rruw0', 'jufp56s', 'tpf8bkwen26'], '6wamogakapk': {'7kxpprwiiam': 'e664mf', '370rs': '8698r', '3wj5998e': 'tycjq3z9q7u'}}}, 'rm269zvzf5u': {'8d2tn': 'i277b08uol', 'nii3trs': 'jo4nmf', 'znrdnexanceh2': 'l1fpa5x1', 'wt25cy9xno': 'bbtxb4eb65'}, 'vmb3md': {'ua4xkj': 'maws19mr96', 'yuma0flho': ['d5zaexrz38', 'lmiur43cgdr', 'm9qd80w44628', 'vyk5s29ft2j'], 'yh1li5pq': ['cq3m0', 'c6wnkohsd', 'c2psq80r20']}}}
Initialization completed...
Serialization (with Strings)
JSON:
Big dictionary: 3.04953986174
Big array: 3.92714330925
Big dictionary with deepness: 15.7660198801
YAML
Big dictionary: 168.805973621
Big array: 503.401174833
Big dictionary with deepness: 4039.76610852
Pickle
Big dictionary: 12.9275689039
Big array: 39.2349961072
Big dictionary with deepness: 312.090267033
CPickle
Big dictionary: 2.05622713828
Big array: 6.13872018877
Big dictionary with deepness: 52.4124582125
Deserialization (with Strings)
JSON
Big dictionary: 3.14279181796
Big array: 5.21742192657
Big dictionary with deepness: 37.2666561921
YAML
Big dictionary: 254.987032482
Big array: 938.40941857
Big dictionary with deepness: 6895.5285166
Pickle
Big dictionary: 13.1465200914
Big array: 40.7821991982
Big dictionary with deepness: 285.974250241
CPickle
Big dictionary: 1.42969287743
Big array: 4.61967034651
Big dictionary with deepness: 29.5924198066
Iteration #3
Initialization started...
Big dictionary with single deepness has been generated...
{'z678kxaw': ['gsv2rl', 'n91esh4za39'], '8m9j1yvj7993qc': {'ww5azbs': '6rh8sf2b0', 'neo5ukoqjq3p3': 'jc37145hsx', '8yq8f6': 'ozcw4jq'}, 'bg64r1': '9fxrek'}
Big array has been generated...
['48eb4cu7y98w5', '3hqzfz4hjp', '4gyn9nonjt', 'niofyid5s38l', '7b7xk', 'm69fbd4flg7psx', 'fcr1h2v', '7bbc2mjhh0e', 'z7lfpzuee04kck', 'uxsygmjnab9', 'wq84mgepm9e04', 'xnsnkalcm', '6jtabj3ltff25w', 'f6kwkkdjr', '37kxb1sxgtzzl', 'q4l9teq04laq', 'lfar6mjwv98', 'd6xcb', 'dw5glx5mjo7', 'umsa3ot', 'beew7kq05zbmf', 'gjja9nae2m4rvj', 'njmkqfx5g', 'k5dfbe83', 'l0cyg0t', 'fy72a', '9nhj6wm57c4', 'x58o60', 'rmlgkhyfkcg', '0os9zyx0u', 'gpxz6eiq', 'ih82u8mk1c', 'r6ydour', '6uiku159b74', 'l0b8x47un4l', 'si7u40teml9gt', 'lzs14', 'dp6wam4ymmk', '5voikzhsemvi', 'aneegof4uhiqd', 'e52d4xgsvr', 'scg984eiqk', '0ssit8jqaj', 'o711c', '9o5grwcfujjsq', 'b5aa9dkwpqjmn', 'pqa0cq32fb', 'iuzcw7']
Big dictionary with big deepness has been generated...
{'7oi9lee8z7kjg8': {'t8yw7bkfhpnhd': 'whi285ux', '3popdbg': '47pnvpj5', 'grymcvkiii69ma': 'jjh4dbl7cu'}, 'sspequ': ['xg17bf6ial', '1d0dr3kjsdpd', 'guv1ubun2en4', 'mn8ttxxqz8'], 'etpm14wrpubo': {'anzwfo3om3j': 'jz0tjta', '9rd6t9a': 'ds92l8i8nvqvl', 'k07y4e0o5': 'hepqwfqp81', '25qxbd8mjy29': 'aolsmuyyc'}, '8jgbfn': 'g48qkdcbqyo9'}
Initialization completed...
Serialization (with Strings)
JSON:
Big dictionary: 4.27209260428
Big array: 7.25421794736
Big dictionary with deepness: 5.52383378256
YAML
Big dictionary: 560.535428198
Big array: 1679.38252611
Big dictionary with deepness: 1011.96108209
Pickle
Big dictionary: 42.4495483096
Big array: 133.822800291
Big dictionary with deepness: 74.7300360091
CPickle
Big dictionary: 6.80041401083
Big array: 21.0628388958
Big dictionary with deepness: 12.4382415707
Deserialization (with Strings)
JSON
Big dictionary: 6.44652914732
Big array: 13.8279119077
Big dictionary with deepness: 10.1149243257
YAML
Big dictionary: 906.346284318
Big array: 3110.36007871
Big dictionary with deepness: 1638.69795289
Pickle
Big dictionary: 40.2849036444
Big array: 134.372731668
Big dictionary with deepness: 72.7697427136
CPickle
Big dictionary: 4.00780502259
Big array: 15.3102818877
Big dictionary with deepness: 7.12245863172
Iteration #4
Initialization started...
Big dictionary with single deepness has been generated...
{'m51h99w4qa1ynn': '5mrngdr59b', 'ooxi981etz': {'fjw4h0nf81': 'vo58qexpo', 'c2r1h': '3cdghfav87', 'eswyqqgsj1pf': 'brk6f1jnt87x8'}, '0tajyogvyx': 'sr3szo3', 'qktyu18504': ['mza44fboo6', 'oipk80k96fb']}
Big array has been generated...
['ln7g3qya7', 'rv1pyuen20', 'hns8db9l5qv', 'wm1pwp5q0fhs', 'jsm3q', '5kkmtw8zpj', 'tpxp5fqzsii', 'iztyxki7mzvfj', 'znh0e33z1k', '0gb7ebi8', 't2apc', 'xvpwmnmk9j', 'hsh72717ez5f', 'l55cjufxas', 'ievbctzhyv8r9']
Big dictionary with big deepness has been generated...
{'61z1rsop4h0umt': {'kngzadtaqz': '770wfrg6', '9iog470': {'gk3zib': {'59m83bc2sq': {'iwzlblxj4h': {'na72xsjlpsvyz': '4jvob88wrv8nm', 't7hb7361': 'ieezs0330l9e3', 'pieffst43b69o': 'mnr31cf7jda'}, 'qunfzk81hzagwj': {'8vhbndb5hvn': 'bzcfjs15lc', 'taat88c7nw6k0x': '3ojxghqfr9usiz', 'qavrp7p8e83gr': '8jhvvchfqrpt', 'au1pq1w2g': 'iepr0ivu8bway'}, 'cl3tj7zmedij': {'6p6on9a280a': 'yhhjzmlh', 'iu3trrcqxzz': 'ngjfkj6968l1m', 'pkke2m4viuxrd1': '80j45zbplv2'}, 'sg40m31qtsm6': ['w2415dct', 'szobat4kz', 'tvzw2']}, 'yzdwn8uvy': ['dgolbpm0sc2w', 'wlbsq', 'szrexjf9wosa'], 'np3elbvf7': ['oe2xemm7ivgi4', '4mc4z', '9fdiksp79raj9']}, 'ida3xqcvvligo': {'41d5gyoo7': 'btd98rgrod', 'be1ly8ani3jtbe': '5uhvx55kzsu', 'o5nzqqpwp': 'hoht50jw5lpajr'}, 'slmnqx7fn84q': {'8q0paa2': '92cr2p', 'koh5sc': 'ruv38ldt', 'yo57qgkhj1nnmt': '3s6u9d67x2ox9l'}}, 'pzzr4': {'bg0iq': 'yvix3gczqub2', 'jv027s1fwbys': 'gvyrxe63bhu7hq', 'sr8ih': 'jeegwn', 'ato784hy': '8svgnp3'}, 'lqd2litoxq9nhh': {'p6orgk2ji7c3g': ['7grk9b', 'nyuzdqa', 'kfrwwbr2b1'], '1k737xw': ['zifjliy0l2d12u', '9lrr4ixbzzn84', 'vvpr3u5', 'ptvnpl8z2ub'], '03w53l71': {'knzbwr72l8ct': '7gfjb8hxok', 'usixni9lo': 'fo4qxr', 'qstn6ly': 'w9mts', '9v77k5w0sv3bv5': '8msncy'}, 'kqpvotz94r6u': {'sws4uwazp2xzkw': 'svj3d', '08logi': 'gf9jmw7l', '9j3ew38d': 'e6i1o022ehd0'}}}, '74uffhd2': 'ku762cfuvn8b', 'a84fbfot2u': {'ihgw0p': '2jh46mf', 'wa82op1i5': ['60rsxohnb80', 'wla7j0bk4hil', '33u79je', '5n3p9q36y6pd'], 'f2fgilbpiugg': ['e8flrwpwoofqc', 'x2zoy', 'xxpnzexnfbg', 'o5kf3nn'], 'kb56a0fur8414j': {'8cto5cg0': {'kdnai7k': 'xg7iwirl36p', 'ssxqfz3bcyl4': 'qmafe8b', 'rj92dbk': 'neepy9rio9bl4r'}, '6hny3mewm0l1': ['hqy4dcy2', 'u3cqqy8l6jv41r', 'fglrp3'], 'kthzfdpm4e': {'wahu9peg3yto': ['ta9skk', '5olgu50zn', 'pxakjemuzi57pc', '3w3p0wqbgfqn'], 'bhqixt8': {'qgh6s': 'p2aw8zl8b', 'z5eyg7rhj15z': 'h4lt5ys44o', 'c7cej62e': 'l88upsf', 'l4hrvz2ulbu': '8kbio4sojiv'}, 'lk35bnn9zzlppo': ['gkst6phd', '5mc1oouqubz', 'pp1urej0']}}}, 'c34rgl40e6ry': ['cyluxu', 'zbvdavna32t', 'z0cp4n22d']}
Initialization completed...
Serialization (with Strings)
JSON:
Big dictionary: 4.4114745448
Big array: 4.10344638899
Big dictionary with deepness: 23.2493466482
YAML
Big dictionary: 650.522543559
Big array: 569.774158659
Big dictionary with deepness: 6030.22878466
Pickle
Big dictionary: 47.1454045854
Big array: 44.8708624116
Big dictionary with deepness: 466.680690705
CPickle
Big dictionary: 7.71843999386
Big array: 7.1151924824
Big dictionary with deepness: 78.7516101399
Deserialization (with Strings)
JSON
Big dictionary: 7.04626406263
Big array: 5.72268826085
Big dictionary with deepness: 53.6235134986
YAML
Big dictionary: 1033.99764931
Big array: 1060.17409511
Big dictionary with deepness: 10276.4620733
Pickle
Big dictionary: 47.1135832225
Big array: 48.5504552103
Big dictionary with deepness: 442.209471306
CPickle
Big dictionary: 4.67845585287
Big array: 5.44897647678
Big dictionary with deepness: 45.6205992949
Iteration #5
Initialization started...
Big dictionary with single deepness has been generated...
{'7cei8vfsgacnyl': {'hh96cj': 'wi1s1d04', '17113jw': 'sj8c802n', 'rjg44r82z4': 'kqm5t', 'uvv67tzhyhck': 'fwboid5tslj10'}, 'l1doi39exmyo9': ['juut5cig'], '5fosu': ['obsa5', 'n5yrm920o']}
Big array has been generated...
['unjndes2', 's92jn096', 'yurnl27z2759', 'bcnpe', 'r4vf7n', 'll5mq1r6x3vc9', '12ji6gqz13', 'cq8ynvmq64r1', 'gle89ysaqbuba', 'iat5l1w911s92', 'fga16w', 'bzq88mcdz5m', 'gn8jybwfu', 't5nj5h6h4', '8uvydehr', 'jp3pf9', 'co1kpyv1tx7i', 'ngkh6c', 'stxrt2c4bty80n', 'vz8lcds1l4s', '45lmie9n5i6yf', 'a2l7fp', 'i8e7z9', '87hilt4slnhlx', 'fzcy2ajxj', '8n9o4sc69', 'fznnoej', 'n4krfm', '3xxir0xl2xnfzw', 'sdhp3iyy4m', 'eq630nxhh', 's1j5rk0a9', 'd0d1g', '1gd3v4e', 'kn7tg07j6il', 'e5aa56e', 'yfsxm', 'kiygnza85b5', 'a0tdtto09ynpe', 'rh2bd', 'hx8zlcf1heak']
Big dictionary with big deepness has been generated...
{'vy348do': {'077pzt9wte5l': 'ila1vm69k7lq', '2nsj88q94d06m': 'l93cjyz', 'mp5ygn5v4f': 'o3r9pf'}, 'pk2qwhu': {'vy438': '5plap', 'fw7z4iuqmz': 'h6dwj1rd7fh', 'y7u5gig0gi0': 'hel91jm2qby0g'}, 'xe5f70vje': {'cmsbubaznpt': 'm4u5n08cq9ac2n', 'fzd49v': 'gh3oosb9ot2', '2fjeb3zx': 't9c8wtubhz2', '0fmgljwuloy': 'fzoxzlm7e9l1r'}}
Initialization completed...
Serialization (with Strings)
JSON:
Big dictionary: 4.8637908199
Big array: 6.84247172595
Big dictionary with deepness: 5.85046170624
YAML
Big dictionary: 709.972677461
Big array: 1490.23911254
Big dictionary with deepness: 1045.9505939
Pickle
Big dictionary: 50.4011265139
Big array: 115.838687453
Big dictionary with deepness: 76.4861116933
CPickle
Big dictionary: 8.34756270242
Big array: 19.5416473202
Big dictionary with deepness: 13.5892406463
Deserialization (with Strings)
JSON
Big dictionary: 7.6784612928
Big array: 12.7353306631
Big dictionary with deepness: 11.1504157228
YAML
Big dictionary: 1134.04476968
Big array: 2728.45325194
Big dictionary with deepness: 1637.96378861
Pickle
Big dictionary: 47.505369693
Big array: 115.295029918
Big dictionary with deepness: 71.3359308476
CPickle
Big dictionary: 4.61070405842
Big array: 13.071150792
Big dictionary with deepness: 6.71905918614
